<?xml version="1.0" encoding="UTF-8"?>
<testng-results skipped="0" failed="0" ignored="0" total="1" passed="1">
  <reporter-output>
  </reporter-output>
  <suite name="Default suite" duration-ms="58577" started-at="2018-12-31T09:26:14Z" finished-at="2018-12-31T09:27:13Z">
    <groups>
    </groups>
    <test name="Default test" duration-ms="58577" started-at="2018-12-31T09:26:14Z" finished-at="2018-12-31T09:27:13Z">
      <class name="com.training.sanity.tests.logintest58">
        <test-method status="PASS" signature="setUpBeforeClass()[pri:0, instance:com.training.sanity.tests.logintest58@59f99ea]" name="setUpBeforeClass" is-config="true" duration-ms="28808" started-at="2018-12-31T09:26:14Z" finished-at="2018-12-31T09:26:43Z">
          <reporter-output>
          </reporter-output>
        </test-method> <!-- setUpBeforeClass -->
        <test-method status="PASS" signature="Test()[pri:0, instance:com.training.sanity.tests.logintest58@59f99ea]" name="Test" duration-ms="27857" started-at="2018-12-31T09:26:43Z" finished-at="2018-12-31T09:27:11Z">
          <reporter-output>
          </reporter-output>
        </test-method> <!-- Test -->
        <test-method status="PASS" signature="tearDown()[pri:0, instance:com.training.sanity.tests.logintest58@59f99ea]" name="tearDown" is-config="true" duration-ms="1859" started-at="2018-12-31T09:27:11Z" finished-at="2018-12-31T09:27:13Z">
          <reporter-output>
          </reporter-output>
        </test-method> <!-- tearDown -->
      </class> <!-- com.training.sanity.tests.logintest58 -->
    </test> <!-- Default test -->
  </suite> <!-- Default suite -->
</testng-results>
